#
# A fatal error has been detected by the Java Runtime Environment:
#
#  Internal Error (classFileParser.cpp:3494), pid=24264, tid=22624
#  Error: ShouldNotReachHere()
#
# JRE version: 6.0_26-b03
# Java VM: Java HotSpot(TM) Client VM (20.1-b02 mixed mode windows-x86 )
# If you would like to submit a bug report, please visit:
#   http://java.sun.com/webapps/bugreport/crash.jsp
#

---------------  T H R E A D  ---------------

Current thread (0x019da800):  JavaThread "Unknown thread" [_thread_in_vm, id=22624, stack(0x00580000,0x005d0000)]

Stack: [0x00580000,0x005d0000],  sp=0x005cf86c,  free space=318k
Native frames: (J=compiled Java code, j=interpreted, Vv=VM code, C=native code)
V  [jvm.dll+0x13379a]
V  [jvm.dll+0x12e6fb]
V  [jvm.dll+0x163fe]
V  [jvm.dll+0x17c1f]
V  [jvm.dll+0x26cc5]
V  [jvm.dll+0x27506]
V  [jvm.dll+0x278b5]
V  [jvm.dll+0x27949]
V  [jvm.dll+0x27a0c]
V  [jvm.dll+0x27a8a]
V  [jvm.dll+0x27b6d]
V  [jvm.dll+0x27e39]
V  [jvm.dll+0x6c523]
V  [jvm.dll+0x6c8fc]
V  [jvm.dll+0xf9d5c]
V  [jvm.dll+0x11864b]
V  [jvm.dll+0x9ec30]
C  [javaw.exe+0x1657]
C  [javaw.exe+0x1e2c]
C  [javaw.exe+0x8644]
C  [kernel32.dll+0x4ed6c]  BaseThreadInitThunk+0x12
C  [ntdll.dll+0x6377b]  RtlInitializeExceptionChain+0xef
C  [ntdll.dll+0x6374e]  RtlInitializeExceptionChain+0xc2


---------------  P R O C E S S  ---------------

Java Threads: ( => current thread )

Other Threads:

=>0x019da800 (exited) JavaThread "Unknown thread" [_thread_in_vm, id=22624, stack(0x00580000,0x005d0000)]

VM state:not at safepoint (not fully initialized)

VM Mutex/Monitor currently owned by a thread: None

Dynamic libraries:
0x00400000 - 0x00424000 	C:\Program Files\Java\jre6\bin\javaw.exe
0x77290000 - 0x773cc000 	C:\Windows\SYSTEM32\ntdll.dll
0x75640000 - 0x75714000 	C:\Windows\system32\kernel32.dll
0x752b0000 - 0x752fb000 	C:\Windows\system32\KERNELBASE.dll
0x75470000 - 0x75510000 	C:\Windows\system32\ADVAPI32.dll
0x771e0000 - 0x7728c000 	C:\Windows\system32\msvcrt.dll
0x773e0000 - 0x773f9000 	C:\Windows\SYSTEM32\sechost.dll
0x75a70000 - 0x75b11000 	C:\Windows\system32\RPCRT4.dll
0x76890000 - 0x76959000 	C:\Windows\system32\USER32.dll
0x757b0000 - 0x757fe000 	C:\Windows\system32\GDI32.dll
0x773d0000 - 0x773da000 	C:\Windows\system32\LPK.dll
0x76ed0000 - 0x76f6d000 	C:\Windows\system32\USP10.dll
0x77420000 - 0x7743f000 	C:\Windows\system32\IMM32.DLL
0x76f70000 - 0x7703c000 	C:\Windows\system32\MSCTF.dll
0x7c340000 - 0x7c396000 	C:\Program Files\Java\jre6\bin\msvcr71.dll
0x6d7f0000 - 0x6da9f000 	C:\Program Files\Java\jre6\bin\client\jvm.dll
0x75150000 - 0x75182000 	C:\Windows\system32\WINMM.dll
0x75000000 - 0x7504c000 	C:\Windows\system32\apphelp.dll
0x6d7a0000 - 0x6d7ac000 	C:\Program Files\Java\jre6\bin\verify.dll
0x6d320000 - 0x6d33f000 	C:\Program Files\Java\jre6\bin\java.dll
0x75630000 - 0x75635000 	C:\Windows\system32\PSAPI.DLL
0x6d7e0000 - 0x6d7ef000 	C:\Program Files\Java\jre6\bin\zip.dll

VM Arguments:
jvm_args: -Dfile.encoding=GBK -Xbootclasspath:D:\android-sdk-windows\platforms\android-2.2_r02-windows\android.jar 
java_command: org.eclipse.jdt.internal.junit.runner.RemoteTestRunner -version 3 -port 51195 -testLoaderClass org.eclipse.jdt.internal.junit.runner.junit3.JUnit3TestLoader -loaderpluginname org.eclipse.jdt.junit.runtime -test com.szy.sqlite.activity.StudentDAOTest:testAdd
Launcher Type: SUN_STANDARD

Environment Variables:
PATH=C:/Program Files/Java/jre6/bin/client;C:/Program Files/Java/jre6/bin;C:/Program Files/Java/jre6/lib/i386;C:\Program Files\ARM\ADSv1_2\bin;C:\Program Files\NVIDIA Corporation\PhysX\Common;C:\Windows\system32;C:\Windows;C:\Windows\System32\Wbem;C:\Windows\System32\WindowsPowerShell\v1.0\;C:\Program Files\ATI Technologies\ATI.ACE\Core-Static;C:\Program Files\Broadcom\Broadcom 802.11 Network Adapter\Driver;C:\Program Files\Altium Designer Summer 09\System;C:\Program Files\Common Files\Thunder Network\KanKan\Codecs;C:\altera\quartus50\bin;C:\altera\quartus50\bin;c:\Program Files\Microsoft SQL Server\90\Tools\binn\;C:\Program Files\Common Files\Autodesk Shared\;D:\android-sdk-windows\tools;D:\android-sdk-windows\platform-tools;C:\Program Files\UCB\ATT\Graphviz\bin;C:\Program Files\IVI Foundation\VISA\WinNT\Bin\;C:\Program Files\IVI Foundation\VISA\WinNT\Bin;C:\Program Files\Microsoft SQL Server\100\Tools\Binn\;C:\Program Files\Microsoft SQL Server\100\DTS\Binn\;C:\Program Files\Microsoft SQL Server\100\Tools\Binn\VSShell\Common7\IDE\;C:\Program Files\Microsoft Visual Studio 9.0\Common7\IDE\PrivateAssemblies\;C:\Program Files\Microsoft Visual Studio\Common\Tools\WinNT;C:\Program Files\Microsoft Visual Studio\Common\MSDev98\Bin;C:\Program Files\Microsoft Visual Studio\Common\Tools;C:\Program Files\Microsoft Visual Studio\VC98\bin;C:\Modeltech_6.0c\win32;D:\android-sdk-windows\tools;D:\android-sdk-windows\platform-tools;C:\modeltech_6.5\win32;D:\AppServ\Apache2.2\bin;D:\AppServ\php5;D:\AppServ\MySQL\bin;C:\Program Files\Google\google_appengine\;D:\eclipse-java-helios-SR2-win32\eclipse;
USERNAME=Cableyang
OS=Windows_NT
PROCESSOR_IDENTIFIER=x86 Family 16 Model 6 Stepping 3, AuthenticAMD



---------------  S Y S T E M  ---------------

OS: Windows 7 Build 7601 Service Pack 1

CPU:total 2 (2 cores per cpu, 1 threads per core) family 16 model 6 stepping 3, cmov, cx8, fxsr, mmx, sse, sse2, sse3, popcnt, mmxext, 3dnow, 3dnowext, lzcnt

Memory: 4k page, physical 2091928k(202092k free), swap 4271788k(1044408k free)

vm_info: Java HotSpot(TM) Client VM (20.1-b02) for windows-x86 JRE (1.6.0_26-b03), built on May  4 2011 00:50:59 by "java_re" with MS VC++ 7.1 (VS2003)

time: Mon Mar 18 22:47:14 2013
elapsed time: 0 seconds

